<?xml version="1.0" encoding="UTF-8"?>
<!-- Generated by org.testng.reporters.JUnitXMLReporter -->
<testsuite ignored="0" hostname="Godsways-MacBook-Pro.local" failures="0" tests="3" name="Test4" time="17.867" errors="0" timestamp="2023-09-07T13:47:12 GMT">
  <testcase classname="tests.BaseClass" name="login" time="6.821"/>
  <testcase classname="tests.ExpenseReport" name="addExpenses" time="2.806"/>
  <testcase classname="tests.ExpenseReport" name="removeExpenses" time="1.273"/>
</testsuite> <!-- Test4 -->
