<?xml version="1.0" encoding="UTF-8"?>
<testng-results ignored="0" total="2" passed="2" failed="0" skipped="0">
  <reporter-output>
  </reporter-output>
  <suite started-at="2023-09-07T15:58:33 GMT" name="Default suite" finished-at="2023-09-07T15:58:47 GMT" duration-ms="14855">
    <groups>
    </groups>
    <test started-at="2023-09-07T15:58:33 GMT" name="Default test" finished-at="2023-09-07T15:58:47 GMT" duration-ms="14855">
      <class name="tests.LogoutApp">
        <test-method is-config="true" signature="setup()[pri:0, instance:tests.LogoutApp@47e2e487]" started-at="2023-09-07T15:58:33 GMT" name="setup" finished-at="2023-09-07T15:58:41 GMT" duration-ms="7951" status="PASS">
          <reporter-output>
          </reporter-output>
        </test-method> <!-- setup -->
        <test-method signature="login()[pri:0, instance:tests.LogoutApp@47e2e487]" started-at="2023-09-07T15:58:41 GMT" name="login" finished-at="2023-09-07T15:58:46 GMT" duration-ms="5899" status="PASS">
          <reporter-output>
          </reporter-output>
        </test-method> <!-- login -->
        <test-method signature="logout()[pri:0, instance:tests.LogoutApp@47e2e487]" started-at="2023-09-07T15:58:46 GMT" name="logout" finished-at="2023-09-07T15:58:47 GMT" duration-ms="912" status="PASS">
          <reporter-output>
          </reporter-output>
        </test-method> <!-- logout -->
        <test-method is-config="true" signature="teardown()[pri:0, instance:tests.LogoutApp@47e2e487]" started-at="2023-09-07T15:58:47 GMT" name="teardown" finished-at="2023-09-07T15:58:48 GMT" duration-ms="67" status="FAIL">
          <exception class="org.openqa.selenium.UnsupportedCommandException">
            <message>
              <![CDATA[The requested resource could not be found, or a request was received using an HTTP method that is not supported by the mapped resource
Build info: version: '3.141.59', revision: 'e82be7d358', time: '2018-11-14T08:17:03'
System info: host: 'Godsways-MacBook-Pro.local', ip: 'fe80:0:0:0:57:f895:bef0:3146%en0', os.name: 'Mac OS X', os.arch: 'x86_64', os.version: '13.4.1', java.version: '17.0.7'
Driver info: io.appium.java_client.AppiumDriver
Capabilities {appActivity: com.experitest.ExperiBank.L..., appPackage: com.experitest.ExperiBank, databaseEnabled: false, desired: {appActivity: com.experitest.ExperiBank.L..., appPackage: com.experitest.ExperiBank, deviceName: Galaxy S21 FE 5G, newCommandTimeout: 60, platformName: android, platformVersion: 13, udid: R5CRC2405JM}, deviceApiLevel: 33, deviceManufacturer: samsung, deviceModel: SM-G990E, deviceName: R5CRC2405JM, deviceScreenDensity: 480, deviceScreenSize: 1080x2340, deviceUDID: R5CRC2405JM, javascriptEnabled: true, locationContextEnabled: false, networkConnectionEnabled: true, newCommandTimeout: 60, pixelRatio: 3, platform: LINUX, platformName: Android, platformVersion: 13, statBarHeight: 97, takesScreenshot: true, udid: R5CRC2405JM, viewportRect: {height: 2099, left: 0, top: 97, width: 1080}, warnings: {}, webStorageEnabled: false}
Session ID: d9fb2457-1328-4210-ac15-add98574f879]]>
            </message>
            <full-stacktrace>
              <![CDATA[org.openqa.selenium.UnsupportedCommandException: The requested resource could not be found, or a request was received using an HTTP method that is not supported by the mapped resource
Build info: version: '3.141.59', revision: 'e82be7d358', time: '2018-11-14T08:17:03'
System info: host: 'Godsways-MacBook-Pro.local', ip: 'fe80:0:0:0:57:f895:bef0:3146%en0', os.name: 'Mac OS X', os.arch: 'x86_64', os.version: '13.4.1', java.version: '17.0.7'
Driver info: io.appium.java_client.AppiumDriver
Capabilities {appActivity: com.experitest.ExperiBank.L..., appPackage: com.experitest.ExperiBank, databaseEnabled: false, desired: {appActivity: com.experitest.ExperiBank.L..., appPackage: com.experitest.ExperiBank, deviceName: Galaxy S21 FE 5G, newCommandTimeout: 60, platformName: android, platformVersion: 13, udid: R5CRC2405JM}, deviceApiLevel: 33, deviceManufacturer: samsung, deviceModel: SM-G990E, deviceName: R5CRC2405JM, deviceScreenDensity: 480, deviceScreenSize: 1080x2340, deviceUDID: R5CRC2405JM, javascriptEnabled: true, locationContextEnabled: false, networkConnectionEnabled: true, newCommandTimeout: 60, pixelRatio: 3, platform: LINUX, platformName: Android, platformVersion: 13, statBarHeight: 97, takesScreenshot: true, udid: R5CRC2405JM, viewportRect: {height: 2099, left: 0, top: 97, width: 1080}, warnings: {}, webStorageEnabled: false}
Session ID: d9fb2457-1328-4210-ac15-add98574f879
at java.base/jdk.internal.reflect.NativeConstructorAccessorImpl.newInstance0(Native Method)
at java.base/jdk.internal.reflect.NativeConstructorAccessorImpl.newInstance(NativeConstructorAccessorImpl.java:77)
at java.base/jdk.internal.reflect.DelegatingConstructorAccessorImpl.newInstance(DelegatingConstructorAccessorImpl.java:45)
at java.base/java.lang.reflect.Constructor.newInstanceWithCaller(Constructor.java:499)
at java.base/java.lang.reflect.Constructor.newInstance(Constructor.java:480)
at org.openqa.selenium.remote.http.W3CHttpResponseCodec.createException(W3CHttpResponseCodec.java:187)
at org.openqa.selenium.remote.http.W3CHttpResponseCodec.decode(W3CHttpResponseCodec.java:122)
at org.openqa.selenium.remote.http.W3CHttpResponseCodec.decode(W3CHttpResponseCodec.java:49)
at org.openqa.selenium.remote.HttpCommandExecutor.execute(HttpCommandExecutor.java:158)
at io.appium.java_client.remote.AppiumCommandExecutor.execute(AppiumCommandExecutor.java:239)
at org.openqa.selenium.remote.RemoteWebDriver.execute(RemoteWebDriver.java:552)
at io.appium.java_client.DefaultGenericMobileDriver.execute(DefaultGenericMobileDriver.java:45)
at io.appium.java_client.AppiumDriver.execute(AppiumDriver.java:1)
at org.openqa.selenium.remote.RemoteWebDriver.close(RemoteWebDriver.java:442)
at tests.BaseClass.teardown(BaseClass.java:69)
at java.base/jdk.internal.reflect.NativeMethodAccessorImpl.invoke0(Native Method)
at java.base/jdk.internal.reflect.NativeMethodAccessorImpl.invoke(NativeMethodAccessorImpl.java:77)
at java.base/jdk.internal.reflect.DelegatingMethodAccessorImpl.invoke(DelegatingMethodAccessorImpl.java:43)
at java.base/java.lang.reflect.Method.invoke(Method.java:568)
at org.testng.internal.invokers.MethodInvocationHelper.invokeMethod(MethodInvocationHelper.java:139)
at org.testng.internal.invokers.MethodInvocationHelper.invokeMethodConsideringTimeout(MethodInvocationHelper.java:69)
at org.testng.internal.invokers.ConfigInvoker.invokeConfigurationMethod(ConfigInvoker.java:361)
at org.testng.internal.invokers.ConfigInvoker.invokeConfigurations(ConfigInvoker.java:296)
at org.testng.SuiteRunner.privateRun(SuiteRunner.java:404)
at org.testng.SuiteRunner.run(SuiteRunner.java:330)
at org.testng.SuiteRunnerWorker.runSuite(SuiteRunnerWorker.java:52)
at org.testng.SuiteRunnerWorker.run(SuiteRunnerWorker.java:95)
at org.testng.TestNG.runSuitesSequentially(TestNG.java:1256)
at org.testng.TestNG.runSuitesLocally(TestNG.java:1176)
at org.testng.TestNG.runSuites(TestNG.java:1099)
at org.testng.TestNG.run(TestNG.java:1067)
at org.testng.remote.AbstractRemoteTestNG.run(AbstractRemoteTestNG.java:115)
at org.testng.remote.RemoteTestNG.initAndRun(RemoteTestNG.java:251)
at org.testng.remote.RemoteTestNG.main(RemoteTestNG.java:77)
]]>
            </full-stacktrace>
          </exception> <!-- org.openqa.selenium.UnsupportedCommandException -->
          <reporter-output>
          </reporter-output>
        </test-method> <!-- teardown -->
      </class> <!-- tests.LogoutApp -->
    </test> <!-- Default test -->
  </suite> <!-- Default suite -->
</testng-results>
